<?xml version="1.0" encoding="UTF-8"?>
<coverage generated="1565483816105" clover="3.2.0">
  <project timestamp="1565483816106" name="All files">
    <metrics statements="19" coveredstatements="14" conditionals="4" coveredconditionals="0" methods="9" coveredmethods="2" elements="32" coveredelements="16" complexity="0" loc="19" ncloc="19" packages="1" files="1" classes="1">
      <file name="app.js" path="/mnt/c/Users/mackoy/codefellows/401n13/labs/lab-17-TCP-Server-Message-Application/app.js">
        <metrics statements="19" coveredstatements="14" conditionals="4" coveredconditionals="0" methods="9" coveredmethods="2"/>
        <line num="3" count="1" type="stmt"/>
        <line num="4" count="1" type="stmt"/>
        <line num="5" count="1" type="stmt"/>
        <line num="6" count="1" type="stmt"/>
        <line num="7" count="1" type="stmt"/>
        <line num="8" count="1" type="stmt"/>
        <line num="10" count="1" type="stmt"/>
        <line num="11" count="0" type="stmt"/>
        <line num="14" count="1" type="stmt"/>
        <line num="15" count="1" type="stmt"/>
        <line num="16" count="1" type="stmt"/>
        <line num="18" count="1" type="stmt"/>
        <line num="19" count="1" type="stmt"/>
        <line num="20" count="0" type="stmt"/>
        <line num="21" count="0" type="stmt"/>
        <line num="22" count="0" type="cond" truecount="0" falsecount="2"/>
        <line num="23" count="0" type="cond" truecount="0" falsecount="2"/>
        <line num="26" count="1" type="stmt"/>
        <line num="27" count="1" type="stmt"/>
      </file>
    </metrics>
  </project>
</coverage>
