{"/mnt/c/Users/mackoy/codefellows/401n13/labs/lab-17-TCP-Server-Message-Application/app.js": {"path":"/mnt/c/Users/mackoy/codefellows/401n13/labs/lab-17-TCP-Server-Message-Application/app.js","statementMap":{"0":{"start":{"line":3,"column":11},"end":{"line":3,"column":24}},"1":{"start":{"line":4,"column":13},"end":{"line":4,"column":28}},"2":{"start":{"line":5,"column":17},"end":{"line":5,"column":44}},"3":{"start":{"line":6,"column":18},"end":{"line":6,"column":45}},"4":{"start":{"line":7,"column":12},"end":{"line":7,"column":26}},"5":{"start":{"line":8,"column":15},"end":{"line":8,"column":31}},"6":{"start":{"line":10,"column":0},"end":{"line":12,"column":3}},"7":{"start":{"line":11,"column":2},"end":{"line":11,"column":25}},"8":{"start":{"line":14,"column":17},"end":{"line":14,"column":41}},"9":{"start":{"line":14,"column":27},"end":{"line":14,"column":41}},"10":{"start":{"line":15,"column":17},"end":{"line":15,"column":58}},"11":{"start":{"line":15,"column":35},"end":{"line":15,"column":58}},"12":{"start":{"line":16,"column":22},"end":{"line":16,"column":77}},"13":{"start":{"line":16,"column":32},"end":{"line":16,"column":77}},"14":{"start":{"line":18,"column":18},"end":{"line":24,"column":1}},"15":{"start":{"line":19,"column":2},"end":{"line":23,"column":62}},"16":{"start":{"line":20,"column":22},"end":{"line":20,"column":45}},"17":{"start":{"line":21,"column":20},"end":{"line":21,"column":42}},"18":{"start":{"line":22,"column":16},"end":{"line":22,"column":60}},"19":{"start":{"line":23,"column":20},"end":{"line":23,"column":60}},"20":{"start":{"line":26,"column":11},"end":{"line":26,"column":40}},"21":{"start":{"line":27,"column":0},"end":{"line":27,"column":16}}},"fnMap":{"0":{"name":"(anonymous_0)","decl":{"start":{"line":10,"column":36},"end":{"line":10,"column":37}},"loc":{"start":{"line":10,"column":42},"end":{"line":12,"column":1}},"line":10},"1":{"name":"(anonymous_1)","decl":{"start":{"line":14,"column":17},"end":{"line":14,"column":18}},"loc":{"start":{"line":14,"column":27},"end":{"line":14,"column":41}},"line":14},"2":{"name":"(anonymous_2)","decl":{"start":{"line":15,"column":17},"end":{"line":15,"column":18}},"loc":{"start":{"line":15,"column":35},"end":{"line":15,"column":58}},"line":15},"3":{"name":"(anonymous_3)","decl":{"start":{"line":16,"column":22},"end":{"line":16,"column":23}},"loc":{"start":{"line":16,"column":32},"end":{"line":16,"column":77}},"line":16},"4":{"name":"(anonymous_4)","decl":{"start":{"line":18,"column":18},"end":{"line":18,"column":19}},"loc":{"start":{"line":18,"column":28},"end":{"line":24,"column":1}},"line":18},"5":{"name":"(anonymous_5)","decl":{"start":{"line":20,"column":10},"end":{"line":20,"column":11}},"loc":{"start":{"line":20,"column":22},"end":{"line":20,"column":45}},"line":20},"6":{"name":"(anonymous_6)","decl":{"start":{"line":21,"column":10},"end":{"line":21,"column":11}},"loc":{"start":{"line":21,"column":20},"end":{"line":21,"column":42}},"line":21},"7":{"name":"(anonymous_7)","decl":{"start":{"line":22,"column":10},"end":{"line":22,"column":11}},"loc":{"start":{"line":22,"column":16},"end":{"line":22,"column":60}},"line":22},"8":{"name":"(anonymous_8)","decl":{"start":{"line":23,"column":11},"end":{"line":23,"column":12}},"loc":{"start":{"line":23,"column":20},"end":{"line":23,"column":60}},"line":23}},"branchMap":{"0":{"loc":{"start":{"line":22,"column":16},"end":{"line":22,"column":60}},"type":"binary-expr","locations":[{"start":{"line":22,"column":16},"end":{"line":22,"column":44}},{"start":{"line":22,"column":48},"end":{"line":22,"column":60}}],"line":22},"1":{"loc":{"start":{"line":23,"column":20},"end":{"line":23,"column":60}},"type":"binary-expr","locations":[{"start":{"line":23,"column":20},"end":{"line":23,"column":44}},{"start":{"line":23,"column":48},"end":{"line":23,"column":60}}],"line":23}},"s":{"0":1,"1":1,"2":1,"3":1,"4":1,"5":1,"6":1,"7":0,"8":1,"9":1,"10":1,"11":0,"12":1,"13":0,"14":1,"15":1,"16":0,"17":0,"18":0,"19":0,"20":1,"21":1},"f":{"0":0,"1":1,"2":0,"3":0,"4":1,"5":0,"6":0,"7":0,"8":0},"b":{"0":[0,0],"1":[0,0]},"_coverageSchema":"332fd63041d2c1bcb487cc26dd0d5f7d97098a6c","hash":"c4c640b6659d6b5ec216cc300a800ffb25dffb35"}
}
